<?xml version="1.0" encoding="UTF-8"?>
<coverage generated="1738178273392" clover="3.2.0">
  <project timestamp="1738178273392" name="All files">
    <metrics statements="18" coveredstatements="18" conditionals="18" coveredconditionals="18" methods="6" coveredmethods="6" elements="42" coveredelements="42" complexity="0" loc="18" ncloc="18" packages="1" files="1" classes="1"/>
    <file name="functions.js" path="/Users/shivaniyadav/Workspace/four_junction/js_unit_testing_assignment/src/functions.js">
      <metrics statements="18" coveredstatements="18" conditionals="18" coveredconditionals="18" methods="6" coveredmethods="6"/>
      <line num="5" count="3" type="cond" truecount="5" falsecount="0"/>
      <line num="6" count="2" type="stmt"/>
      <line num="8" count="1" type="stmt"/>
      <line num="13" count="3" type="cond" truecount="4" falsecount="0"/>
      <line num="14" count="2" type="stmt"/>
      <line num="16" count="1" type="stmt"/>
      <line num="17" count="3" type="stmt"/>
      <line num="23" count="3" type="cond" truecount="5" falsecount="0"/>
      <line num="24" count="1" type="stmt"/>
      <line num="26" count="2" type="stmt"/>
      <line num="27" count="8" type="cond" truecount="2" falsecount="0"/>
      <line num="28" count="4" type="stmt"/>
      <line num="30" count="4" type="stmt"/>
      <line num="37" count="3" type="cond" truecount="2" falsecount="0"/>
      <line num="38" count="1" type="stmt"/>
      <line num="40" count="2" type="stmt"/>
      <line num="41" count="2" type="stmt"/>
      <line num="45" count="1" type="stmt"/>
    </file>
  </project>
</coverage>
