TN:
SF:src/functions.js
FN:4,calculateDiscount
FN:12,filterProducts
FN:16,(anonymous_2)
FN:22,sortProducts
FN:26,(anonymous_4)
FN:36,validateEmail
FNF:6
FNH:6
FNDA:3,calculateDiscount
FNDA:3,filterProducts
FNDA:3,(anonymous_2)
FNDA:3,sortProducts
FNDA:8,(anonymous_4)
FNDA:3,validateEmail
DA:5,3
DA:6,2
DA:8,1
DA:13,3
DA:14,2
DA:16,1
DA:17,3
DA:23,3
DA:24,1
DA:26,2
DA:27,8
DA:28,4
DA:30,4
DA:37,3
DA:38,1
DA:40,2
DA:41,2
DA:45,1
LF:18
LH:18
BRDA:5,0,0,2
BRDA:5,0,1,1
BRDA:5,1,0,3
BRDA:5,1,1,2
BRDA:5,1,2,1
BRDA:13,2,0,2
BRDA:13,2,1,1
BRDA:13,3,0,3
BRDA:13,3,1,2
BRDA:23,4,0,1
BRDA:23,4,1,2
BRDA:23,5,0,3
BRDA:23,5,1,3
BRDA:23,5,2,2
BRDA:27,6,0,4
BRDA:27,6,1,4
BRDA:37,7,0,1
BRDA:37,7,1,2
BRF:18
BRH:18
end_of_record
